<?xml version="1.0" encoding="UTF-8"?>
<testsuite xmlns:xsi="http://www.w3.org/2001/XMLSchema-instance" xsi:noNamespaceSchemaLocation="https://maven.apache.org/surefire/maven-surefire-plugin/xsd/surefire-test-report-3.0.xsd" version="3.0" name="TestSuite" time="12.761" tests="2" errors="0" skipped="0" failures="0">
  <properties>
    <property name="sun.desktop" value="windows"/>
    <property name="awt.toolkit" value="sun.awt.windows.WToolkit"/>
    <property name="java.specification.version" value="11"/>
    <property name="sun.cpu.isalist" value="amd64"/>
    <property name="sun.jnu.encoding" value="Cp1252"/>
    <property name="java.class.path" value="C:\Users\lokesh_gorantla\eclipse\Java8Features\SeleniumRestPOCAutomation\target\test-classes;C:\Users\lokesh_gorantla\eclipse\Java8Features\SeleniumRestPOCAutomation\target\classes;C:\Users\lokesh_gorantla\.m2\repository\org\seleniumhq\selenium\selenium-java\4.37.0\selenium-java-4.37.0.jar;C:\Users\lokesh_gorantla\.m2\repository\org\seleniumhq\selenium\selenium-api\4.37.0\selenium-api-4.37.0.jar;C:\Users\lokesh_gorantla\.m2\repository\org\jspecify\jspecify\1.0.0\jspecify-1.0.0.jar;C:\Users\lokesh_gorantla\.m2\repository\org\seleniumhq\selenium\selenium-chrome-driver\4.37.0\selenium-chrome-driver-4.37.0.jar;C:\Users\lokesh_gorantla\.m2\repository\com\google\auto\service\auto-service-annotations\1.1.1\auto-service-annotations-1.1.1.jar;C:\Users\lokesh_gorantla\.m2\repository\org\seleniumhq\selenium\selenium-chromium-driver\4.37.0\selenium-chromium-driver-4.37.0.jar;C:\Users\lokesh_gorantla\.m2\repository\org\seleniumhq\selenium\selenium-json\4.37.0\selenium-json-4.37.0.jar;C:\Users\lokesh_gorantla\.m2\repository\org\seleniumhq\selenium\selenium-manager\4.37.0\selenium-manager-4.37.0.jar;C:\Users\lokesh_gorantla\.m2\repository\org\seleniumhq\selenium\selenium-devtools-v139\4.37.0\selenium-devtools-v139-4.37.0.jar;C:\Users\lokesh_gorantla\.m2\repository\org\seleniumhq\selenium\selenium-devtools-v140\4.37.0\selenium-devtools-v140-4.37.0.jar;C:\Users\lokesh_gorantla\.m2\repository\org\seleniumhq\selenium\selenium-devtools-v141\4.37.0\selenium-devtools-v141-4.37.0.jar;C:\Users\lokesh_gorantla\.m2\repository\org\seleniumhq\selenium\selenium-edge-driver\4.37.0\selenium-edge-driver-4.37.0.jar;C:\Users\lokesh_gorantla\.m2\repository\org\seleniumhq\selenium\selenium-firefox-driver\4.37.0\selenium-firefox-driver-4.37.0.jar;C:\Users\lokesh_gorantla\.m2\repository\org\seleniumhq\selenium\selenium-http\4.37.0\selenium-http-4.37.0.jar;C:\Users\lokesh_gorantla\.m2\repository\org\seleniumhq\selenium\selenium-ie-driver\4.37.0\selenium-ie-driver-4.37.0.jar;C:\Users\lokesh_gorantla\.m2\repository\org\seleniumhq\selenium\selenium-remote-driver\4.37.0\selenium-remote-driver-4.37.0.jar;C:\Users\lokesh_gorantla\.m2\repository\com\google\guava\guava\33.5.0-jre\guava-33.5.0-jre.jar;C:\Users\lokesh_gorantla\.m2\repository\com\google\guava\failureaccess\1.0.3\failureaccess-1.0.3.jar;C:\Users\lokesh_gorantla\.m2\repository\com\google\guava\listenablefuture\9999.0-empty-to-avoid-conflict-with-guava\listenablefuture-9999.0-empty-to-avoid-conflict-with-guava.jar;C:\Users\lokesh_gorantla\.m2\repository\com\google\errorprone\error_prone_annotations\2.41.0\error_prone_annotations-2.41.0.jar;C:\Users\lokesh_gorantla\.m2\repository\com\google\j2objc\j2objc-annotations\3.1\j2objc-annotations-3.1.jar;C:\Users\lokesh_gorantla\.m2\repository\io\opentelemetry\opentelemetry-api\1.55.0\opentelemetry-api-1.55.0.jar;C:\Users\lokesh_gorantla\.m2\repository\io\opentelemetry\opentelemetry-context\1.55.0\opentelemetry-context-1.55.0.jar;C:\Users\lokesh_gorantla\.m2\repository\io\opentelemetry\opentelemetry-common\1.55.0\opentelemetry-common-1.55.0.jar;C:\Users\lokesh_gorantla\.m2\repository\io\opentelemetry\opentelemetry-exporter-logging\1.55.0\opentelemetry-exporter-logging-1.55.0.jar;C:\Users\lokesh_gorantla\.m2\repository\io\opentelemetry\opentelemetry-sdk-common\1.55.0\opentelemetry-sdk-common-1.55.0.jar;C:\Users\lokesh_gorantla\.m2\repository\io\opentelemetry\opentelemetry-sdk-extension-autoconfigure-spi\1.55.0\opentelemetry-sdk-extension-autoconfigure-spi-1.55.0.jar;C:\Users\lokesh_gorantla\.m2\repository\io\opentelemetry\opentelemetry-sdk-extension-autoconfigure\1.55.0\opentelemetry-sdk-extension-autoconfigure-1.55.0.jar;C:\Users\lokesh_gorantla\.m2\repository\io\opentelemetry\opentelemetry-sdk-trace\1.55.0\opentelemetry-sdk-trace-1.55.0.jar;C:\Users\lokesh_gorantla\.m2\repository\io\opentelemetry\opentelemetry-sdk\1.55.0\opentelemetry-sdk-1.55.0.jar;C:\Users\lokesh_gorantla\.m2\repository\io\opentelemetry\opentelemetry-sdk-metrics\1.55.0\opentelemetry-sdk-metrics-1.55.0.jar;C:\Users\lokesh_gorantla\.m2\repository\io\opentelemetry\opentelemetry-sdk-logs\1.55.0\opentelemetry-sdk-logs-1.55.0.jar;C:\Users\lokesh_gorantla\.m2\repository\net\bytebuddy\byte-buddy\1.17.8\byte-buddy-1.17.8.jar;C:\Users\lokesh_gorantla\.m2\repository\org\seleniumhq\selenium\selenium-os\4.37.0\selenium-os-4.37.0.jar;C:\Users\lokesh_gorantla\.m2\repository\org\apache\commons\commons-exec\1.5.0\commons-exec-1.5.0.jar;C:\Users\lokesh_gorantla\.m2\repository\org\seleniumhq\selenium\selenium-safari-driver\4.37.0\selenium-safari-driver-4.37.0.jar;C:\Users\lokesh_gorantla\.m2\repository\org\seleniumhq\selenium\selenium-support\4.37.0\selenium-support-4.37.0.jar;C:\Users\lokesh_gorantla\.m2\repository\org\testng\testng\7.11.0\testng-7.11.0.jar;C:\Users\lokesh_gorantla\.m2\repository\org\slf4j\slf4j-api\2.0.16\slf4j-api-2.0.16.jar;C:\Users\lokesh_gorantla\.m2\repository\org\jcommander\jcommander\1.83\jcommander-1.83.jar;C:\Users\lokesh_gorantla\.m2\repository\org\webjars\jquery\3.7.1\jquery-3.7.1.jar;C:\Users\lokesh_gorantla\.m2\repository\io\rest-assured\rest-assured\5.5.6\rest-assured-5.5.6.jar;C:\Users\lokesh_gorantla\.m2\repository\org\apache\groovy\groovy\4.0.22\groovy-4.0.22.jar;C:\Users\lokesh_gorantla\.m2\repository\org\apache\groovy\groovy-xml\4.0.22\groovy-xml-4.0.22.jar;C:\Users\lokesh_gorantla\.m2\repository\org\apache\httpcomponents\httpclient\4.5.13\httpclient-4.5.13.jar;C:\Users\lokesh_gorantla\.m2\repository\org\apache\httpcomponents\httpcore\4.4.13\httpcore-4.4.13.jar;C:\Users\lokesh_gorantla\.m2\repository\commons-logging\commons-logging\1.2\commons-logging-1.2.jar;C:\Users\lokesh_gorantla\.m2\repository\commons-codec\commons-codec\1.11\commons-codec-1.11.jar;C:\Users\lokesh_gorantla\.m2\repository\org\apache\httpcomponents\httpmime\4.5.13\httpmime-4.5.13.jar;C:\Users\lokesh_gorantla\.m2\repository\org\hamcrest\hamcrest\2.2\hamcrest-2.2.jar;C:\Users\lokesh_gorantla\.m2\repository\org\ccil\cowan\tagsoup\tagsoup\1.2.1\tagsoup-1.2.1.jar;C:\Users\lokesh_gorantla\.m2\repository\io\rest-assured\json-path\5.5.6\json-path-5.5.6.jar;C:\Users\lokesh_gorantla\.m2\repository\org\apache\groovy\groovy-json\4.0.22\groovy-json-4.0.22.jar;C:\Users\lokesh_gorantla\.m2\repository\io\rest-assured\rest-assured-common\5.5.6\rest-assured-common-5.5.6.jar;C:\Users\lokesh_gorantla\.m2\repository\io\rest-assured\xml-path\5.5.6\xml-path-5.5.6.jar;C:\Users\lokesh_gorantla\.m2\repository\org\apache\commons\commons-lang3\3.18.0\commons-lang3-3.18.0.jar;C:\Users\lokesh_gorantla\.m2\repository\com\aventstack\extentreports\5.1.1\extentreports-5.1.1.jar;C:\Users\lokesh_gorantla\.m2\repository\io\reactivex\rxjava3\rxjava\3.1.6\rxjava-3.1.6.jar;C:\Users\lokesh_gorantla\.m2\repository\org\reactivestreams\reactive-streams\1.0.4\reactive-streams-1.0.4.jar;C:\Users\lokesh_gorantla\.m2\repository\org\freemarker\freemarker\2.3.32\freemarker-2.3.32.jar;C:\Users\lokesh_gorantla\.m2\repository\org\projectlombok\lombok\1.18.26\lombok-1.18.26.jar;C:\Users\lokesh_gorantla\.m2\repository\com\google\code\gson\gson\2.10.1\gson-2.10.1.jar;"/>
    <property name="java.vm.vendor" value="Oracle Corporation"/>
    <property name="sun.arch.data.model" value="64"/>
    <property name="user.variant" value=""/>
    <property name="java.vendor.url" value="https://openjdk.java.net/"/>
    <property name="user.timezone" value="Asia/Calcutta"/>
    <property name="java.vm.specification.version" value="11"/>
    <property name="os.name" value="Windows 10"/>
    <property name="sun.java.launcher" value="SUN_STANDARD"/>
    <property name="user.country" value="US"/>
    <property name="sun.boot.library.path" value="C:\Program Files\Java\jdk-11\bin"/>
    <property name="sun.java.command" value="C:\Users\lokesh_gorantla\AppData\Local\Temp\surefire10099405404973478693\surefirebooter-20251024113715916_3.jar C:\Users\lokesh_gorantla\AppData\Local\Temp\surefire10099405404973478693 2025-10-24T11-37-15_579-jvmRun1 surefire-20251024113715916_1tmp surefire_0-20251024113715916_2tmp"/>
    <property name="jdk.debug" value="release"/>
    <property name="surefire.test.class.path" value="C:\Users\lokesh_gorantla\eclipse\Java8Features\SeleniumRestPOCAutomation\target\test-classes;C:\Users\lokesh_gorantla\eclipse\Java8Features\SeleniumRestPOCAutomation\target\classes;C:\Users\lokesh_gorantla\.m2\repository\org\seleniumhq\selenium\selenium-java\4.37.0\selenium-java-4.37.0.jar;C:\Users\lokesh_gorantla\.m2\repository\org\seleniumhq\selenium\selenium-api\4.37.0\selenium-api-4.37.0.jar;C:\Users\lokesh_gorantla\.m2\repository\org\jspecify\jspecify\1.0.0\jspecify-1.0.0.jar;C:\Users\lokesh_gorantla\.m2\repository\org\seleniumhq\selenium\selenium-chrome-driver\4.37.0\selenium-chrome-driver-4.37.0.jar;C:\Users\lokesh_gorantla\.m2\repository\com\google\auto\service\auto-service-annotations\1.1.1\auto-service-annotations-1.1.1.jar;C:\Users\lokesh_gorantla\.m2\repository\org\seleniumhq\selenium\selenium-chromium-driver\4.37.0\selenium-chromium-driver-4.37.0.jar;C:\Users\lokesh_gorantla\.m2\repository\org\seleniumhq\selenium\selenium-json\4.37.0\selenium-json-4.37.0.jar;C:\Users\lokesh_gorantla\.m2\repository\org\seleniumhq\selenium\selenium-manager\4.37.0\selenium-manager-4.37.0.jar;C:\Users\lokesh_gorantla\.m2\repository\org\seleniumhq\selenium\selenium-devtools-v139\4.37.0\selenium-devtools-v139-4.37.0.jar;C:\Users\lokesh_gorantla\.m2\repository\org\seleniumhq\selenium\selenium-devtools-v140\4.37.0\selenium-devtools-v140-4.37.0.jar;C:\Users\lokesh_gorantla\.m2\repository\org\seleniumhq\selenium\selenium-devtools-v141\4.37.0\selenium-devtools-v141-4.37.0.jar;C:\Users\lokesh_gorantla\.m2\repository\org\seleniumhq\selenium\selenium-edge-driver\4.37.0\selenium-edge-driver-4.37.0.jar;C:\Users\lokesh_gorantla\.m2\repository\org\seleniumhq\selenium\selenium-firefox-driver\4.37.0\selenium-firefox-driver-4.37.0.jar;C:\Users\lokesh_gorantla\.m2\repository\org\seleniumhq\selenium\selenium-http\4.37.0\selenium-http-4.37.0.jar;C:\Users\lokesh_gorantla\.m2\repository\org\seleniumhq\selenium\selenium-ie-driver\4.37.0\selenium-ie-driver-4.37.0.jar;C:\Users\lokesh_gorantla\.m2\repository\org\seleniumhq\selenium\selenium-remote-driver\4.37.0\selenium-remote-driver-4.37.0.jar;C:\Users\lokesh_gorantla\.m2\repository\com\google\guava\guava\33.5.0-jre\guava-33.5.0-jre.jar;C:\Users\lokesh_gorantla\.m2\repository\com\google\guava\failureaccess\1.0.3\failureaccess-1.0.3.jar;C:\Users\lokesh_gorantla\.m2\repository\com\google\guava\listenablefuture\9999.0-empty-to-avoid-conflict-with-guava\listenablefuture-9999.0-empty-to-avoid-conflict-with-guava.jar;C:\Users\lokesh_gorantla\.m2\repository\com\google\errorprone\error_prone_annotations\2.41.0\error_prone_annotations-2.41.0.jar;C:\Users\lokesh_gorantla\.m2\repository\com\google\j2objc\j2objc-annotations\3.1\j2objc-annotations-3.1.jar;C:\Users\lokesh_gorantla\.m2\repository\io\opentelemetry\opentelemetry-api\1.55.0\opentelemetry-api-1.55.0.jar;C:\Users\lokesh_gorantla\.m2\repository\io\opentelemetry\opentelemetry-context\1.55.0\opentelemetry-context-1.55.0.jar;C:\Users\lokesh_gorantla\.m2\repository\io\opentelemetry\opentelemetry-common\1.55.0\opentelemetry-common-1.55.0.jar;C:\Users\lokesh_gorantla\.m2\repository\io\opentelemetry\opentelemetry-exporter-logging\1.55.0\opentelemetry-exporter-logging-1.55.0.jar;C:\Users\lokesh_gorantla\.m2\repository\io\opentelemetry\opentelemetry-sdk-common\1.55.0\opentelemetry-sdk-common-1.55.0.jar;C:\Users\lokesh_gorantla\.m2\repository\io\opentelemetry\opentelemetry-sdk-extension-autoconfigure-spi\1.55.0\opentelemetry-sdk-extension-autoconfigure-spi-1.55.0.jar;C:\Users\lokesh_gorantla\.m2\repository\io\opentelemetry\opentelemetry-sdk-extension-autoconfigure\1.55.0\opentelemetry-sdk-extension-autoconfigure-1.55.0.jar;C:\Users\lokesh_gorantla\.m2\repository\io\opentelemetry\opentelemetry-sdk-trace\1.55.0\opentelemetry-sdk-trace-1.55.0.jar;C:\Users\lokesh_gorantla\.m2\repository\io\opentelemetry\opentelemetry-sdk\1.55.0\opentelemetry-sdk-1.55.0.jar;C:\Users\lokesh_gorantla\.m2\repository\io\opentelemetry\opentelemetry-sdk-metrics\1.55.0\opentelemetry-sdk-metrics-1.55.0.jar;C:\Users\lokesh_gorantla\.m2\repository\io\opentelemetry\opentelemetry-sdk-logs\1.55.0\opentelemetry-sdk-logs-1.55.0.jar;C:\Users\lokesh_gorantla\.m2\repository\net\bytebuddy\byte-buddy\1.17.8\byte-buddy-1.17.8.jar;C:\Users\lokesh_gorantla\.m2\repository\org\seleniumhq\selenium\selenium-os\4.37.0\selenium-os-4.37.0.jar;C:\Users\lokesh_gorantla\.m2\repository\org\apache\commons\commons-exec\1.5.0\commons-exec-1.5.0.jar;C:\Users\lokesh_gorantla\.m2\repository\org\seleniumhq\selenium\selenium-safari-driver\4.37.0\selenium-safari-driver-4.37.0.jar;C:\Users\lokesh_gorantla\.m2\repository\org\seleniumhq\selenium\selenium-support\4.37.0\selenium-support-4.37.0.jar;C:\Users\lokesh_gorantla\.m2\repository\org\testng\testng\7.11.0\testng-7.11.0.jar;C:\Users\lokesh_gorantla\.m2\repository\org\slf4j\slf4j-api\2.0.16\slf4j-api-2.0.16.jar;C:\Users\lokesh_gorantla\.m2\repository\org\jcommander\jcommander\1.83\jcommander-1.83.jar;C:\Users\lokesh_gorantla\.m2\repository\org\webjars\jquery\3.7.1\jquery-3.7.1.jar;C:\Users\lokesh_gorantla\.m2\repository\io\rest-assured\rest-assured\5.5.6\rest-assured-5.5.6.jar;C:\Users\lokesh_gorantla\.m2\repository\org\apache\groovy\groovy\4.0.22\groovy-4.0.22.jar;C:\Users\lokesh_gorantla\.m2\repository\org\apache\groovy\groovy-xml\4.0.22\groovy-xml-4.0.22.jar;C:\Users\lokesh_gorantla\.m2\repository\org\apache\httpcomponents\httpclient\4.5.13\httpclient-4.5.13.jar;C:\Users\lokesh_gorantla\.m2\repository\org\apache\httpcomponents\httpcore\4.4.13\httpcore-4.4.13.jar;C:\Users\lokesh_gorantla\.m2\repository\commons-logging\commons-logging\1.2\commons-logging-1.2.jar;C:\Users\lokesh_gorantla\.m2\repository\commons-codec\commons-codec\1.11\commons-codec-1.11.jar;C:\Users\lokesh_gorantla\.m2\repository\org\apache\httpcomponents\httpmime\4.5.13\httpmime-4.5.13.jar;C:\Users\lokesh_gorantla\.m2\repository\org\hamcrest\hamcrest\2.2\hamcrest-2.2.jar;C:\Users\lokesh_gorantla\.m2\repository\org\ccil\cowan\tagsoup\tagsoup\1.2.1\tagsoup-1.2.1.jar;C:\Users\lokesh_gorantla\.m2\repository\io\rest-assured\json-path\5.5.6\json-path-5.5.6.jar;C:\Users\lokesh_gorantla\.m2\repository\org\apache\groovy\groovy-json\4.0.22\groovy-json-4.0.22.jar;C:\Users\lokesh_gorantla\.m2\repository\io\rest-assured\rest-assured-common\5.5.6\rest-assured-common-5.5.6.jar;C:\Users\lokesh_gorantla\.m2\repository\io\rest-assured\xml-path\5.5.6\xml-path-5.5.6.jar;C:\Users\lokesh_gorantla\.m2\repository\org\apache\commons\commons-lang3\3.18.0\commons-lang3-3.18.0.jar;C:\Users\lokesh_gorantla\.m2\repository\com\aventstack\extentreports\5.1.1\extentreports-5.1.1.jar;C:\Users\lokesh_gorantla\.m2\repository\io\reactivex\rxjava3\rxjava\3.1.6\rxjava-3.1.6.jar;C:\Users\lokesh_gorantla\.m2\repository\org\reactivestreams\reactive-streams\1.0.4\reactive-streams-1.0.4.jar;C:\Users\lokesh_gorantla\.m2\repository\org\freemarker\freemarker\2.3.32\freemarker-2.3.32.jar;C:\Users\lokesh_gorantla\.m2\repository\org\projectlombok\lombok\1.18.26\lombok-1.18.26.jar;C:\Users\lokesh_gorantla\.m2\repository\com\google\code\gson\gson\2.10.1\gson-2.10.1.jar;"/>
    <property name="sun.cpu.endian" value="little"/>
    <property name="user.home" value="C:\Users\lokesh_gorantla"/>
    <property name="user.language" value="en"/>
    <property name="java.specification.vendor" value="Oracle Corporation"/>
    <property name="java.version.date" value="2023-01-17"/>
    <property name="java.home" value="C:\Program Files\Java\jdk-11"/>
    <property name="file.separator" value="\"/>
    <property name="basedir" value="C:\Users\lokesh_gorantla\eclipse\Java8Features\SeleniumRestPOCAutomation"/>
    <property name="java.vm.compressedOopsMode" value="32-bit"/>
    <property name="line.separator" value="&#10;"/>
    <property name="java.specification.name" value="Java Platform API Specification"/>
    <property name="java.vm.specification.vendor" value="Oracle Corporation"/>
    <property name="java.awt.graphicsenv" value="sun.awt.Win32GraphicsEnvironment"/>
    <property name="surefire.real.class.path" value="C:\Users\lokesh_gorantla\AppData\Local\Temp\surefire10099405404973478693\surefirebooter-20251024113715916_3.jar"/>
    <property name="user.script" value=""/>
    <property name="sun.management.compiler" value="HotSpot 64-Bit Tiered Compilers"/>
    <property name="java.runtime.version" value="11.0.18+9-LTS-195"/>
    <property name="user.name" value="lokesh_gorantla"/>
    <property name="path.separator" value=";"/>
    <property name="os.version" value="10.0"/>
    <property name="java.runtime.name" value="Java(TM) SE Runtime Environment"/>
    <property name="file.encoding" value="Cp1252"/>
    <property name="java.vm.name" value="Java HotSpot(TM) 64-Bit Server VM"/>
    <property name="java.vendor.version" value="18.9"/>
    <property name="localRepository" value="C:\Users\lokesh_gorantla\.m2\repository"/>
    <property name="java.vendor.url.bug" value="https://bugreport.java.com/bugreport/"/>
    <property name="java.io.tmpdir" value="C:\Users\LOKESH~1\AppData\Local\Temp\"/>
    <property name="java.version" value="11.0.18"/>
    <property name="user.dir" value="C:\Users\lokesh_gorantla\eclipse\Java8Features\SeleniumRestPOCAutomation"/>
    <property name="os.arch" value="amd64"/>
    <property name="java.vm.specification.name" value="Java Virtual Machine Specification"/>
    <property name="java.awt.printerjob" value="sun.awt.windows.WPrinterJob"/>
    <property name="sun.os.patch.level" value=""/>
    <property name="java.library.path" value="C:\Program Files\Java\jdk-11\bin;C:\Windows\Sun\Java\bin;C:\Windows\system32;C:\Windows;C:\Program Files\Common Files\Oracle\Java\javapath;C:\Windows\system32;C:\Windows;C:\Windows\System32\Wbem;C:\Windows\System32\WindowsPowerShell\v1.0\;C:\Windows\System32\OpenSSH\;C:\Program Files\Git\cmd;C:\apache-maven-3.9.6\bin;C:\gradle-8.1.1\bin;C:\Users\lokesh_gorantla\AppData\Local\Android\Sdk\build-tools;C:\Users\lokesh_gorantla\AppData\Local\Android\Sdk\platform-tools;C:\Users\lokesh_gorantla\AppData\Local\Android\Sdk\tools;C:\Program Files\Java\jdk-11\bin;C:\Users\lokesh_gorantla\AppData\Local\Programs\Python\Python313;C:\Users\lokesh_gorantla\AppData\Local\Programs\Python\Python313\Scripts;C:\Program Files\Microsoft SQL Server\150\Tools\Binn\;C:\Program Files\PowerShell\7\;C:\Program Files\nodejs\;C:\Program Files\Gauge\bin;C:\Program Files\k6\;C:\Users\lokesh_gorantla\scoop\shims;C:\Users\lokesh_gorantla\AppData\Local\Microsoft\WindowsApps;C:\Users\lokesh_gorantla\AppData\Local\Programs\Microsoft VS Code\bin;C:\Users\lokesh_gorantla\AppData\Local\Programs\cursor\resources\app\bin;C:\Users\lokesh_gorantla\AppData\Roaming\npm;."/>
    <property name="java.vendor" value="Oracle Corporation"/>
    <property name="java.vm.info" value="mixed mode"/>
    <property name="java.vm.version" value="11.0.18+9-LTS-195"/>
    <property name="sun.io.unicode.encoding" value="UnicodeLittle"/>
    <property name="java.class.version" value="55.0"/>
  </properties>
  <testcase name="verifyGetUsersAPI" classname="com.tests.APITest" time="2.481">
    <system-err><![CDATA[SLF4J(W): No SLF4J providers were found.
SLF4J(W): Defaulting to no-operation (NOP) logger implementation
SLF4J(W): See https://www.slf4j.org/codes.html#noProviders for further details.
]]></system-err>
  </testcase>
  <testcase name="verifyLogin" classname="com.tests.UITest" time="4.297"/>
</testsuite>