<?xml version="1.0" encoding="UTF-8"?>
<!-- Generated by org.testng.reporters.JUnitReportReporter -->
<testsuite hostname="DESKTOP-4U27L9N" failures="0" tests="1" name="com.tests.APITest" time="4.508" errors="0" timestamp="2025-10-23T15:40:39 IST" skipped="0">
  <testcase classname="com.tests.APITest" name="verifyGetUsersAPI" time="4.508"/>
</testsuite> <!-- com.tests.APITest -->
