<?xml version="1.0" encoding="UTF-8"?>
<!-- Generated by org.testng.reporters.JUnitReportReporter -->
<testsuite hostname="DESKTOP-4U27L9N" failures="0" tests="1" name="com.tests.UITest" time="5.333" errors="0" timestamp="2025-10-24T11:37:29 IST" skipped="0">
  <testcase classname="com.tests.UITest" name="verifyLogin" time="5.333"/>
</testsuite> <!-- com.tests.UITest -->
